# deepy version: 0.1.4
[2015/06/14 20:45:22] test    (iter=1) J=1.19 err=64.50
[2015/06/14 20:45:22] valid   (iter=1) J=1.19 err=64.50 *
[2015/06/14 20:45:22] monitor (iter=1) J=2.11 err=63.90 mean(dense1)=0.92 mean(dense2)=0.65 mean(dense3)=1.60 mean(softmax4)=0.33
[2015/06/14 20:45:22] valid   (iter=2) J=3.71 err=68.40
[2015/06/14 20:45:22] monitor (iter=2) J=2.90 err=67.30 mean(dense1)=0.99 mean(dense2)=0.74 mean(dense3)=2.23 mean(softmax4)=0.33
[2015/06/14 20:45:22] valid   (iter=3) J=1.78 err=64.60
[2015/06/14 20:45:22] monitor (iter=3) J=3.13 err=67.70 mean(dense1)=0.99 mean(dense2)=0.78 mean(dense3)=2.36 mean(softmax4)=0.33
[2015/06/14 20:45:22] valid   (iter=4) J=3.11 err=64.60
[2015/06/14 20:45:23] monitor (iter=4) J=3.67 err=66.40 mean(dense1)=0.99 mean(dense2)=0.86 mean(dense3)=2.81 mean(softmax4)=0.33
[2015/06/14 20:45:23] valid   (iter=5) J=4.28 err=68.40
[2015/06/14 20:45:23] monitor (iter=5) J=4.15 err=64.00 mean(dense1)=0.99 mean(dense2)=0.89 mean(dense3)=3.43 mean(softmax4)=0.33
[2015/06/14 20:45:23] valid   (iter=6) J=5.54 err=64.60
[2015/06/14 20:45:23] monitor (iter=6) J=4.62 err=64.50 mean(dense1)=1.00 mean(dense2)=0.91 mean(dense3)=3.84 mean(softmax4)=0.33
[2015/06/14 20:45:23] valid   (iter=7) J=1.19 err=64.50
[2015/06/14 20:45:23] monitor (iter=7) J=1.54 err=68.00 mean(dense1)=0.87 mean(dense2)=0.63 mean(dense3)=1.05 mean(softmax4)=0.33
[2015/06/14 20:45:23] valid   (iter=8) J=1.74 err=64.60
[2015/06/14 20:45:23] monitor (iter=8) J=1.73 err=65.10 mean(dense1)=0.98 mean(dense2)=0.66 mean(dense3)=1.23 mean(softmax4)=0.33
[2015/06/14 20:45:23] valid   (iter=9) J=1.20 err=64.60
[2015/06/14 20:45:23] monitor (iter=9) J=1.33 err=64.00 mean(dense1)=0.98 mean(dense2)=0.49 mean(dense3)=0.70 mean(softmax4)=0.33
[2015/06/14 20:45:23] valid   (iter=10) J=1.34 err=64.60
[2015/06/14 20:45:23] monitor (iter=10) J=1.26 err=66.80 mean(dense1)=0.98 mean(dense2)=0.40 mean(dense3)=0.56 mean(softmax4)=0.33
[2015/06/14 20:45:23] test    (iter=11) J=1.18 err=64.60
[2015/06/14 20:45:23] valid   (iter=11) J=1.18 err=64.60 *
[2015/06/14 20:45:23] monitor (iter=11) J=1.21 err=69.10 mean(dense1)=0.97 mean(dense2)=0.34 mean(dense3)=0.44 mean(softmax4)=0.33
[2015/06/14 20:45:23] valid   (iter=12) J=1.17 err=64.60 *
[2015/06/14 20:45:23] monitor (iter=12) J=1.16 err=68.70 mean(dense1)=0.97 mean(dense2)=0.32 mean(dense3)=0.37 mean(softmax4)=0.33
[2015/06/14 20:45:23] valid   (iter=13) J=1.10 err=64.60 *
[2015/06/14 20:45:23] monitor (iter=13) J=1.14 err=68.60 mean(dense1)=0.96 mean(dense2)=0.31 mean(dense3)=0.34 mean(softmax4)=0.33
[2015/06/14 20:45:24] valid   (iter=14) J=1.10 err=64.30 *
[2015/06/14 20:45:24] monitor (iter=14) J=1.13 err=70.20 mean(dense1)=0.96 mean(dense2)=0.31 mean(dense3)=0.34 mean(softmax4)=0.33
[2015/06/14 20:45:24] valid   (iter=15) J=1.11 err=65.00
[2015/06/14 20:45:24] monitor (iter=15) J=1.12 err=66.90 mean(dense1)=0.95 mean(dense2)=0.29 mean(dense3)=0.28 mean(softmax4)=0.33
[2015/06/14 20:45:24] valid   (iter=16) J=1.11 err=64.60
[2015/06/14 20:45:24] monitor (iter=16) J=1.12 err=68.00 mean(dense1)=0.95 mean(dense2)=0.30 mean(dense3)=0.34 mean(softmax4)=0.33
[2015/06/14 20:45:24] valid   (iter=17) J=1.10 err=64.70
[2015/06/14 20:45:24] monitor (iter=17) J=1.12 err=67.40 mean(dense1)=0.94 mean(dense2)=0.29 mean(dense3)=0.30 mean(softmax4)=0.33
[2015/06/14 20:45:24] valid   (iter=18) J=1.11 err=64.70
[2015/06/14 20:45:24] monitor (iter=18) J=1.12 err=67.90 mean(dense1)=0.95 mean(dense2)=0.28 mean(dense3)=0.28 mean(softmax4)=0.33
[2015/06/14 20:45:24] valid   (iter=19) J=1.10 err=64.40
[2015/06/14 20:45:24] monitor (iter=19) J=1.11 err=65.40 mean(dense1)=0.94 mean(dense2)=0.28 mean(dense3)=0.36 mean(softmax4)=0.33
[2015/06/14 20:45:24] valid   (iter=20) J=1.10 err=64.30
[2015/06/14 20:45:24] monitor (iter=20) J=1.11 err=64.60 mean(dense1)=0.95 mean(dense2)=0.31 mean(dense3)=0.36 mean(softmax4)=0.33
[2015/06/14 20:45:24] test    (iter=21) J=1.09 err=62.20
[2015/06/14 20:45:24] valid   (iter=21) J=1.09 err=62.20 *
[2015/06/14 20:45:24] monitor (iter=21) J=1.09 err=63.90 mean(dense1)=0.94 mean(dense2)=0.31 mean(dense3)=0.34 mean(softmax4)=0.33
[2015/06/14 20:45:24] valid   (iter=22) J=1.09 err=64.50
[2015/06/14 20:45:24] monitor (iter=22) J=1.10 err=63.30 mean(dense1)=0.94 mean(dense2)=0.31 mean(dense3)=0.31 mean(softmax4)=0.33
[2015/06/14 20:45:24] valid   (iter=23) J=1.09 err=64.40
[2015/06/14 20:45:25] monitor (iter=23) J=1.10 err=63.70 mean(dense1)=0.94 mean(dense2)=0.32 mean(dense3)=0.26 mean(softmax4)=0.33
[2015/06/14 20:45:25] valid   (iter=24) J=1.09 err=63.80
[2015/06/14 20:45:25] monitor (iter=24) J=1.09 err=63.40 mean(dense1)=0.93 mean(dense2)=0.33 mean(dense3)=0.25 mean(softmax4)=0.33
[2015/06/14 20:45:25] valid   (iter=25) J=1.09 err=63.40
[2015/06/14 20:45:25] monitor (iter=25) J=1.09 err=63.20 mean(dense1)=0.93 mean(dense2)=0.33 mean(dense3)=0.25 mean(softmax4)=0.33
[2015/06/14 20:45:25] valid   (iter=26) J=1.09 err=62.60
[2015/06/14 20:45:25] monitor (iter=26) J=1.09 err=63.00 mean(dense1)=0.93 mean(dense2)=0.33 mean(dense3)=0.26 mean(softmax4)=0.33
[2015/06/14 20:45:25] valid   (iter=27) J=1.09 err=62.20
[2015/06/14 20:45:25] monitor (iter=27) J=1.09 err=62.80 mean(dense1)=0.94 mean(dense2)=0.30 mean(dense3)=0.35 mean(softmax4)=0.33
[2015/06/14 20:45:25] valid   (iter=28) J=1.08 err=60.40 *
[2015/06/14 20:45:25] monitor (iter=28) J=1.08 err=61.50 mean(dense1)=0.93 mean(dense2)=0.31 mean(dense3)=0.34 mean(softmax4)=0.33
[2015/06/14 20:45:25] valid   (iter=29) J=1.08 err=59.30 *
[2015/06/14 20:45:25] monitor (iter=29) J=1.08 err=61.40 mean(dense1)=0.92 mean(dense2)=0.32 mean(dense3)=0.32 mean(softmax4)=0.33
[2015/06/14 20:45:25] valid   (iter=30) J=1.07 err=59.90 *
[2015/06/14 20:45:25] monitor (iter=30) J=1.08 err=61.70 mean(dense1)=0.92 mean(dense2)=0.33 mean(dense3)=0.31 mean(softmax4)=0.33
[2015/06/14 20:45:25] test    (iter=31) J=1.07 err=59.90
[2015/06/14 20:45:25] valid   (iter=31) J=1.07 err=59.90 *
[2015/06/14 20:45:25] monitor (iter=31) J=1.08 err=61.60 mean(dense1)=0.92 mean(dense2)=0.33 mean(dense3)=0.30 mean(softmax4)=0.33
[2015/06/14 20:45:25] valid   (iter=32) J=1.07 err=60.00
[2015/06/14 20:45:26] monitor (iter=32) J=1.08 err=61.20 mean(dense1)=0.92 mean(dense2)=0.33 mean(dense3)=0.29 mean(softmax4)=0.33
[2015/06/14 20:45:26] valid   (iter=33) J=1.07 err=60.10 *
[2015/06/14 20:45:26] monitor (iter=33) J=1.08 err=60.50 mean(dense1)=0.92 mean(dense2)=0.33 mean(dense3)=0.29 mean(softmax4)=0.33
[2015/06/14 20:45:26] valid   (iter=34) J=1.07 err=59.80 *
[2015/06/14 20:45:26] monitor (iter=34) J=1.08 err=60.90 mean(dense1)=0.92 mean(dense2)=0.33 mean(dense3)=0.29 mean(softmax4)=0.33
[2015/06/14 20:45:26] valid   (iter=35) J=1.07 err=59.70
[2015/06/14 20:45:26] monitor (iter=35) J=1.07 err=61.10 mean(dense1)=0.92 mean(dense2)=0.33 mean(dense3)=0.29 mean(softmax4)=0.33
[2015/06/14 20:45:26] valid   (iter=36) J=1.07 err=59.60 *
[2015/06/14 20:45:26] monitor (iter=36) J=1.07 err=61.10 mean(dense1)=0.92 mean(dense2)=0.34 mean(dense3)=0.29 mean(softmax4)=0.33
[2015/06/14 20:45:26] valid   (iter=37) J=1.06 err=59.40 *
[2015/06/14 20:45:26] monitor (iter=37) J=1.07 err=61.00 mean(dense1)=0.92 mean(dense2)=0.34 mean(dense3)=0.29 mean(softmax4)=0.33
[2015/06/14 20:45:26] valid   (iter=38) J=1.06 err=59.30 *
[2015/06/14 20:45:26] monitor (iter=38) J=1.07 err=61.00 mean(dense1)=0.92 mean(dense2)=0.34 mean(dense3)=0.29 mean(softmax4)=0.33
[2015/06/14 20:45:26] valid   (iter=39) J=1.06 err=59.10 *
[2015/06/14 20:45:26] monitor (iter=39) J=1.07 err=61.00 mean(dense1)=0.93 mean(dense2)=0.34 mean(dense3)=0.29 mean(softmax4)=0.33
[2015/06/14 20:45:26] valid   (iter=40) J=1.06 err=59.20 *
[2015/06/14 20:45:26] monitor (iter=40) J=1.06 err=60.20 mean(dense1)=0.93 mean(dense2)=0.34 mean(dense3)=0.29 mean(softmax4)=0.33
[2015/06/14 20:45:26] test    (iter=41) J=1.06 err=59.30
[2015/06/14 20:45:26] valid   (iter=41) J=1.06 err=59.30 *
[2015/06/14 20:45:27] monitor (iter=41) J=1.06 err=59.80 mean(dense1)=0.93 mean(dense2)=0.34 mean(dense3)=0.30 mean(softmax4)=0.33
[2015/06/14 20:45:27] valid   (iter=42) J=1.06 err=59.30 *
[2015/06/14 20:45:27] monitor (iter=42) J=1.06 err=60.10 mean(dense1)=0.93 mean(dense2)=0.33 mean(dense3)=0.30 mean(softmax4)=0.33
[2015/06/14 20:45:27] valid   (iter=43) J=1.06 err=59.30 *
[2015/06/14 20:45:27] monitor (iter=43) J=1.06 err=59.40 mean(dense1)=0.93 mean(dense2)=0.33 mean(dense3)=0.30 mean(softmax4)=0.33
[2015/06/14 20:45:27] valid   (iter=44) J=1.06 err=59.20
[2015/06/14 20:45:27] monitor (iter=44) J=1.06 err=58.70 mean(dense1)=0.93 mean(dense2)=0.33 mean(dense3)=0.30 mean(softmax4)=0.33
[2015/06/14 20:45:27] valid   (iter=45) J=1.05 err=59.00 *
[2015/06/14 20:45:27] monitor (iter=45) J=1.06 err=57.50 mean(dense1)=0.93 mean(dense2)=0.33 mean(dense3)=0.30 mean(softmax4)=0.33
[2015/06/14 20:45:27] valid   (iter=46) J=1.05 err=58.60 *
[2015/06/14 20:45:27] monitor (iter=46) J=1.05 err=57.80 mean(dense1)=0.92 mean(dense2)=0.33 mean(dense3)=0.30 mean(softmax4)=0.33
[2015/06/14 20:45:27] valid   (iter=47) J=1.05 err=58.50 *
[2015/06/14 20:45:27] monitor (iter=47) J=1.05 err=57.40 mean(dense1)=0.92 mean(dense2)=0.33 mean(dense3)=0.30 mean(softmax4)=0.33
[2015/06/14 20:45:27] valid   (iter=48) J=1.05 err=58.20
[2015/06/14 20:45:27] monitor (iter=48) J=1.05 err=57.20 mean(dense1)=0.92 mean(dense2)=0.33 mean(dense3)=0.31 mean(softmax4)=0.33
[2015/06/14 20:45:27] valid   (iter=49) J=1.05 err=57.70 *
[2015/06/14 20:45:27] monitor (iter=49) J=1.05 err=56.30 mean(dense1)=0.92 mean(dense2)=0.33 mean(dense3)=0.31 mean(softmax4)=0.33
[2015/06/14 20:45:27] valid   (iter=50) J=1.05 err=57.90
[2015/06/14 20:45:28] monitor (iter=50) J=1.05 err=56.40 mean(dense1)=0.92 mean(dense2)=0.33 mean(dense3)=0.31 mean(softmax4)=0.33
[2015/06/14 20:45:28] test    (iter=51) J=1.05 err=59.10
[2015/06/14 20:45:28] valid   (iter=51) J=1.05 err=59.10
[2015/06/14 20:45:28] monitor (iter=51) J=1.05 err=57.00 mean(dense1)=0.92 mean(dense2)=0.32 mean(dense3)=0.31 mean(softmax4)=0.33
[2015/06/14 20:45:28] valid   (iter=52) J=1.05 err=48.70 *
[2015/06/14 20:45:28] monitor (iter=52) J=1.05 err=56.80 mean(dense1)=0.92 mean(dense2)=0.32 mean(dense3)=0.31 mean(softmax4)=0.33
[2015/06/14 20:45:28] valid   (iter=53) J=1.05 err=52.10
[2015/06/14 20:45:28] monitor (iter=53) J=1.05 err=56.80 mean(dense1)=0.92 mean(dense2)=0.32 mean(dense3)=0.32 mean(softmax4)=0.33
[2015/06/14 20:45:28] valid   (iter=54) J=1.05 err=53.00 *
[2015/06/14 20:45:28] monitor (iter=54) J=1.04 err=56.00 mean(dense1)=0.92 mean(dense2)=0.32 mean(dense3)=0.32 mean(softmax4)=0.33
[2015/06/14 20:45:28] valid   (iter=55) J=1.04 err=53.00 *
[2015/06/14 20:45:28] monitor (iter=55) J=1.04 err=56.00 mean(dense1)=0.92 mean(dense2)=0.32 mean(dense3)=0.32 mean(softmax4)=0.33
[2015/06/14 20:45:28] valid   (iter=56) J=1.04 err=52.60 *
[2015/06/14 20:45:28] monitor (iter=56) J=1.04 err=55.60 mean(dense1)=0.92 mean(dense2)=0.32 mean(dense3)=0.32 mean(softmax4)=0.33
[2015/06/14 20:45:28] valid   (iter=57) J=1.04 err=52.10 *
[2015/06/14 20:45:28] monitor (iter=57) J=1.04 err=55.20 mean(dense1)=0.92 mean(dense2)=0.32 mean(dense3)=0.33 mean(softmax4)=0.33
[2015/06/14 20:45:28] valid   (iter=58) J=1.04 err=52.00 *
[2015/06/14 20:45:28] monitor (iter=58) J=1.04 err=55.30 mean(dense1)=0.92 mean(dense2)=0.32 mean(dense3)=0.33 mean(softmax4)=0.33
[2015/06/14 20:45:28] valid   (iter=59) J=1.04 err=51.90 *
[2015/06/14 20:45:29] monitor (iter=59) J=1.04 err=55.80 mean(dense1)=0.92 mean(dense2)=0.32 mean(dense3)=0.33 mean(softmax4)=0.33
[2015/06/14 20:45:29] valid   (iter=60) J=1.04 err=51.10 *
[2015/06/14 20:45:29] monitor (iter=60) J=1.04 err=55.60 mean(dense1)=0.92 mean(dense2)=0.32 mean(dense3)=0.34 mean(softmax4)=0.33
[2015/06/14 20:45:29] test    (iter=61) J=1.03 err=51.00
[2015/06/14 20:45:29] valid   (iter=61) J=1.03 err=51.00 *
[2015/06/14 20:45:29] monitor (iter=61) J=1.04 err=55.20 mean(dense1)=0.92 mean(dense2)=0.32 mean(dense3)=0.34 mean(softmax4)=0.33
[2015/06/14 20:45:29] valid   (iter=62) J=1.03 err=50.70 *
[2015/06/14 20:45:29] monitor (iter=62) J=1.03 err=55.10 mean(dense1)=0.92 mean(dense2)=0.32 mean(dense3)=0.34 mean(softmax4)=0.33
[2015/06/14 20:45:29] valid   (iter=63) J=1.03 err=50.50 *
[2015/06/14 20:45:29] monitor (iter=63) J=1.03 err=55.30 mean(dense1)=0.92 mean(dense2)=0.32 mean(dense3)=0.34 mean(softmax4)=0.33
[2015/06/14 20:45:29] valid   (iter=64) J=1.03 err=50.80 *
[2015/06/14 20:45:29] monitor (iter=64) J=1.03 err=55.40 mean(dense1)=0.92 mean(dense2)=0.32 mean(dense3)=0.35 mean(softmax4)=0.33
[2015/06/14 20:45:29] valid   (iter=65) J=1.03 err=50.60 *
[2015/06/14 20:45:29] monitor (iter=65) J=1.03 err=55.10 mean(dense1)=0.92 mean(dense2)=0.32 mean(dense3)=0.35 mean(softmax4)=0.33
[2015/06/14 20:45:29] valid   (iter=66) J=1.03 err=50.40 *
[2015/06/14 20:45:29] monitor (iter=66) J=1.03 err=54.90 mean(dense1)=0.92 mean(dense2)=0.31 mean(dense3)=0.35 mean(softmax4)=0.33
[2015/06/14 20:45:29] valid   (iter=67) J=1.02 err=50.40 *
[2015/06/14 20:45:29] monitor (iter=67) J=1.03 err=54.60 mean(dense1)=0.92 mean(dense2)=0.31 mean(dense3)=0.36 mean(softmax4)=0.33
[2015/06/14 20:45:29] valid   (iter=68) J=1.02 err=50.50 *
[2015/06/14 20:45:30] monitor (iter=68) J=1.03 err=54.40 mean(dense1)=0.92 mean(dense2)=0.31 mean(dense3)=0.36 mean(softmax4)=0.33
[2015/06/14 20:45:30] valid   (iter=69) J=1.02 err=50.40 *
[2015/06/14 20:45:30] monitor (iter=69) J=1.03 err=54.40 mean(dense1)=0.92 mean(dense2)=0.31 mean(dense3)=0.36 mean(softmax4)=0.33
[2015/06/14 20:45:30] valid   (iter=70) J=1.02 err=50.40 *
[2015/06/14 20:45:30] monitor (iter=70) J=1.03 err=54.30 mean(dense1)=0.92 mean(dense2)=0.31 mean(dense3)=0.36 mean(softmax4)=0.33
[2015/06/14 20:45:30] test    (iter=71) J=1.02 err=50.40
[2015/06/14 20:45:30] valid   (iter=71) J=1.02 err=50.40 *
[2015/06/14 20:45:30] monitor (iter=71) J=1.03 err=53.50 mean(dense1)=0.92 mean(dense2)=0.31 mean(dense3)=0.37 mean(softmax4)=0.33
[2015/06/14 20:45:30] valid   (iter=72) J=1.02 err=50.00 *
[2015/06/14 20:45:30] monitor (iter=72) J=1.02 err=53.60 mean(dense1)=0.92 mean(dense2)=0.31 mean(dense3)=0.37 mean(softmax4)=0.33
[2015/06/14 20:45:30] valid   (iter=73) J=1.01 err=50.10 *
[2015/06/14 20:45:30] monitor (iter=73) J=1.02 err=53.50 mean(dense1)=0.92 mean(dense2)=0.31 mean(dense3)=0.37 mean(softmax4)=0.33
[2015/06/14 20:45:30] valid   (iter=74) J=1.01 err=49.80 *
[2015/06/14 20:45:30] monitor (iter=74) J=1.02 err=53.50 mean(dense1)=0.92 mean(dense2)=0.31 mean(dense3)=0.37 mean(softmax4)=0.33
[2015/06/14 20:45:30] valid   (iter=75) J=1.01 err=49.70 *
[2015/06/14 20:45:30] monitor (iter=75) J=1.02 err=54.00 mean(dense1)=0.92 mean(dense2)=0.31 mean(dense3)=0.37 mean(softmax4)=0.33
[2015/06/14 20:45:30] valid   (iter=76) J=1.01 err=50.00 *
[2015/06/14 20:45:30] monitor (iter=76) J=1.02 err=53.60 mean(dense1)=0.92 mean(dense2)=0.31 mean(dense3)=0.38 mean(softmax4)=0.33
[2015/06/14 20:45:30] valid   (iter=77) J=1.01 err=50.30 *
[2015/06/14 20:45:30] monitor (iter=77) J=1.02 err=53.40 mean(dense1)=0.92 mean(dense2)=0.31 mean(dense3)=0.38 mean(softmax4)=0.33
[2015/06/14 20:45:31] valid   (iter=78) J=1.01 err=49.90 *
[2015/06/14 20:45:31] monitor (iter=78) J=1.02 err=53.10 mean(dense1)=0.92 mean(dense2)=0.31 mean(dense3)=0.38 mean(softmax4)=0.33
[2015/06/14 20:45:31] valid   (iter=79) J=1.00 err=49.80 *
[2015/06/14 20:45:31] monitor (iter=79) J=1.02 err=52.60 mean(dense1)=0.92 mean(dense2)=0.31 mean(dense3)=0.38 mean(softmax4)=0.33
[2015/06/14 20:45:31] valid   (iter=80) J=1.00 err=49.80 *
[2015/06/14 20:45:31] monitor (iter=80) J=1.02 err=52.50 mean(dense1)=0.92 mean(dense2)=0.31 mean(dense3)=0.39 mean(softmax4)=0.33
[2015/06/14 20:45:31] test    (iter=81) J=1.00 err=49.70
[2015/06/14 20:45:31] valid   (iter=81) J=1.00 err=49.70 *
[2015/06/14 20:45:31] monitor (iter=81) J=1.01 err=52.30 mean(dense1)=0.92 mean(dense2)=0.31 mean(dense3)=0.39 mean(softmax4)=0.33
[2015/06/14 20:45:31] valid   (iter=82) J=1.00 err=49.50 *
[2015/06/14 20:45:31] monitor (iter=82) J=1.01 err=52.50 mean(dense1)=0.92 mean(dense2)=0.31 mean(dense3)=0.39 mean(softmax4)=0.33
[2015/06/14 20:45:31] valid   (iter=83) J=1.00 err=49.60 *
[2015/06/14 20:45:31] monitor (iter=83) J=1.01 err=52.70 mean(dense1)=0.92 mean(dense2)=0.31 mean(dense3)=0.39 mean(softmax4)=0.33
[2015/06/14 20:45:31] valid   (iter=84) J=1.00 err=49.80 *
[2015/06/14 20:45:31] monitor (iter=84) J=1.01 err=52.90 mean(dense1)=0.92 mean(dense2)=0.31 mean(dense3)=0.40 mean(softmax4)=0.33
[2015/06/14 20:45:31] valid   (iter=85) J=1.00 err=49.70 *
[2015/06/14 20:45:32] monitor (iter=85) J=1.01 err=52.80 mean(dense1)=0.92 mean(dense2)=0.31 mean(dense3)=0.40 mean(softmax4)=0.33
[2015/06/14 20:45:32] valid   (iter=86) J=0.99 err=49.70 *
[2015/06/14 20:45:32] monitor (iter=86) J=1.01 err=52.50 mean(dense1)=0.92 mean(dense2)=0.31 mean(dense3)=0.40 mean(softmax4)=0.33
[2015/06/14 20:45:32] valid   (iter=87) J=0.99 err=49.50 *
[2015/06/14 20:45:32] monitor (iter=87) J=1.01 err=52.50 mean(dense1)=0.92 mean(dense2)=0.31 mean(dense3)=0.40 mean(softmax4)=0.33
[2015/06/14 20:45:32] valid   (iter=88) J=0.99 err=49.40 *
[2015/06/14 20:45:32] monitor (iter=88) J=1.01 err=52.80 mean(dense1)=0.92 mean(dense2)=0.31 mean(dense3)=0.41 mean(softmax4)=0.33
[2015/06/14 20:45:32] valid   (iter=89) J=0.99 err=49.20 *
[2015/06/14 20:45:32] monitor (iter=89) J=1.01 err=52.60 mean(dense1)=0.92 mean(dense2)=0.30 mean(dense3)=0.41 mean(softmax4)=0.33
[2015/06/14 20:45:32] valid   (iter=90) J=0.99 err=49.20 *
[2015/06/14 20:45:32] monitor (iter=90) J=1.01 err=52.40 mean(dense1)=0.92 mean(dense2)=0.30 mean(dense3)=0.41 mean(softmax4)=0.33
[2015/06/14 20:45:32] test    (iter=91) J=0.99 err=49.30
[2015/06/14 20:45:32] valid   (iter=91) J=0.99 err=49.30 *
[2015/06/14 20:45:32] monitor (iter=91) J=1.00 err=52.20 mean(dense1)=0.92 mean(dense2)=0.30 mean(dense3)=0.41 mean(softmax4)=0.33
[2015/06/14 20:45:32] valid   (iter=92) J=0.99 err=49.30 *
[2015/06/14 20:45:32] monitor (iter=92) J=1.00 err=52.30 mean(dense1)=0.92 mean(dense2)=0.30 mean(dense3)=0.42 mean(softmax4)=0.33
[2015/06/14 20:45:32] valid   (iter=93) J=0.99 err=49.20 *
[2015/06/14 20:45:32] monitor (iter=93) J=1.00 err=52.30 mean(dense1)=0.92 mean(dense2)=0.30 mean(dense3)=0.42 mean(softmax4)=0.33
[2015/06/14 20:45:33] valid   (iter=94) J=0.98 err=49.10 *
[2015/06/14 20:45:33] monitor (iter=94) J=1.00 err=52.20 mean(dense1)=0.92 mean(dense2)=0.30 mean(dense3)=0.42 mean(softmax4)=0.33
[2015/06/14 20:45:33] valid   (iter=95) J=0.98 err=48.90
[2015/06/14 20:45:33] monitor (iter=95) J=1.00 err=52.20 mean(dense1)=0.92 mean(dense2)=0.30 mean(dense3)=0.42 mean(softmax4)=0.33
[2015/06/14 20:45:33] valid   (iter=96) J=0.98 err=48.80 *
[2015/06/14 20:45:33] monitor (iter=96) J=1.00 err=52.40 mean(dense1)=0.92 mean(dense2)=0.30 mean(dense3)=0.43 mean(softmax4)=0.33
[2015/06/14 20:45:33] valid   (iter=97) J=0.98 err=48.90
[2015/06/14 20:45:33] monitor (iter=97) J=1.00 err=52.40 mean(dense1)=0.92 mean(dense2)=0.30 mean(dense3)=0.43 mean(softmax4)=0.33
[2015/06/14 20:45:33] valid   (iter=98) J=0.98 err=49.10 *
[2015/06/14 20:45:33] monitor (iter=98) J=1.00 err=52.30 mean(dense1)=0.92 mean(dense2)=0.30 mean(dense3)=0.43 mean(softmax4)=0.33
[2015/06/14 20:45:33] valid   (iter=99) J=0.98 err=49.20
[2015/06/14 20:45:33] monitor (iter=99) J=1.00 err=52.10 mean(dense1)=0.92 mean(dense2)=0.30 mean(dense3)=0.43 mean(softmax4)=0.33
[2015/06/14 20:45:33] valid   (iter=100) J=0.98 err=49.20 *
[2015/06/14 20:45:33] monitor (iter=100) J=1.00 err=51.70 mean(dense1)=0.91 mean(dense2)=0.30 mean(dense3)=0.43 mean(softmax4)=0.33
[2015/06/14 20:45:33] test    (iter=101) J=0.98 err=49.10
[2015/06/14 20:45:33] valid   (iter=101) J=0.98 err=49.10
[2015/06/14 20:45:33] monitor (iter=101) J=1.00 err=51.80 mean(dense1)=0.91 mean(dense2)=0.30 mean(dense3)=0.44 mean(softmax4)=0.33
[2015/06/14 20:45:33] valid   (iter=102) J=0.98 err=49.20 *
[2015/06/14 20:45:34] monitor (iter=102) J=0.99 err=51.70 mean(dense1)=0.91 mean(dense2)=0.30 mean(dense3)=0.44 mean(softmax4)=0.33
[2015/06/14 20:45:34] valid   (iter=103) J=0.98 err=49.30
[2015/06/14 20:45:34] monitor (iter=103) J=0.99 err=51.70 mean(dense1)=0.91 mean(dense2)=0.30 mean(dense3)=0.44 mean(softmax4)=0.33
[2015/06/14 20:45:34] valid   (iter=104) J=0.98 err=49.30 *
[2015/06/14 20:45:34] monitor (iter=104) J=0.99 err=51.60 mean(dense1)=0.91 mean(dense2)=0.30 mean(dense3)=0.44 mean(softmax4)=0.33
[2015/06/14 20:45:34] valid   (iter=105) J=0.98 err=49.30
[2015/06/14 20:45:34] monitor (iter=105) J=0.99 err=51.50 mean(dense1)=0.91 mean(dense2)=0.30 mean(dense3)=0.44 mean(softmax4)=0.33
[2015/06/14 20:45:34] valid   (iter=106) J=0.98 err=49.30 *
[2015/06/14 20:45:34] monitor (iter=106) J=0.99 err=51.50 mean(dense1)=0.91 mean(dense2)=0.30 mean(dense3)=0.45 mean(softmax4)=0.33
[2015/06/14 20:45:34] valid   (iter=107) J=0.98 err=49.50
[2015/06/14 20:45:34] monitor (iter=107) J=0.99 err=51.70 mean(dense1)=0.91 mean(dense2)=0.30 mean(dense3)=0.45 mean(softmax4)=0.33
[2015/06/14 20:45:34] valid   (iter=108) J=0.97 err=49.70 *
[2015/06/14 20:45:34] monitor (iter=108) J=0.99 err=51.40 mean(dense1)=0.91 mean(dense2)=0.30 mean(dense3)=0.45 mean(softmax4)=0.33
[2015/06/14 20:45:34] valid   (iter=109) J=0.97 err=49.60
[2015/06/14 20:45:34] monitor (iter=109) J=0.99 err=51.50 mean(dense1)=0.91 mean(dense2)=0.30 mean(dense3)=0.45 mean(softmax4)=0.33
[2015/06/14 20:45:34] valid   (iter=110) J=0.97 err=49.60 *
[2015/06/14 20:45:35] monitor (iter=110) J=0.99 err=51.50 mean(dense1)=0.91 mean(dense2)=0.30 mean(dense3)=0.45 mean(softmax4)=0.33
[2015/06/14 20:45:35] test    (iter=111) J=0.97 err=49.70
[2015/06/14 20:45:35] valid   (iter=111) J=0.97 err=49.70
[2015/06/14 20:45:35] monitor (iter=111) J=0.99 err=51.30 mean(dense1)=0.91 mean(dense2)=0.30 mean(dense3)=0.46 mean(softmax4)=0.33
[2015/06/14 20:45:35] valid   (iter=112) J=0.97 err=49.70 *
[2015/06/14 20:45:35] monitor (iter=112) J=0.99 err=51.30 mean(dense1)=0.91 mean(dense2)=0.30 mean(dense3)=0.46 mean(softmax4)=0.33
[2015/06/14 20:45:35] valid   (iter=113) J=0.97 err=49.60
[2015/06/14 20:45:35] monitor (iter=113) J=0.98 err=51.30 mean(dense1)=0.91 mean(dense2)=0.30 mean(dense3)=0.46 mean(softmax4)=0.33
[2015/06/14 20:45:35] valid   (iter=114) J=0.97 err=49.50
[2015/06/14 20:45:35] monitor (iter=114) J=0.98 err=51.40 mean(dense1)=0.91 mean(dense2)=0.30 mean(dense3)=0.46 mean(softmax4)=0.33
[2015/06/14 20:45:35] valid   (iter=115) J=0.97 err=49.30 *
[2015/06/14 20:45:35] monitor (iter=115) J=0.98 err=51.50 mean(dense1)=0.91 mean(dense2)=0.30 mean(dense3)=0.46 mean(softmax4)=0.33
[2015/06/14 20:45:35] valid   (iter=116) J=0.97 err=49.30
[2015/06/14 20:45:35] monitor (iter=116) J=0.98 err=51.20 mean(dense1)=0.91 mean(dense2)=0.30 mean(dense3)=0.47 mean(softmax4)=0.33
[2015/06/14 20:45:35] valid   (iter=117) J=0.97 err=49.20
[2015/06/14 20:45:35] monitor (iter=117) J=0.98 err=50.90 mean(dense1)=0.91 mean(dense2)=0.30 mean(dense3)=0.47 mean(softmax4)=0.33
[2015/06/14 20:45:35] valid   (iter=118) J=0.97 err=49.60 *
[2015/06/14 20:45:36] monitor (iter=118) J=0.98 err=51.10 mean(dense1)=0.91 mean(dense2)=0.30 mean(dense3)=0.47 mean(softmax4)=0.33
[2015/06/14 20:45:36] valid   (iter=119) J=0.97 err=49.40
[2015/06/14 20:45:36] monitor (iter=119) J=0.98 err=50.90 mean(dense1)=0.91 mean(dense2)=0.30 mean(dense3)=0.47 mean(softmax4)=0.33
[2015/06/14 20:45:36] valid   (iter=120) J=0.96 err=49.10 *
[2015/06/14 20:45:36] monitor (iter=120) J=0.98 err=51.40 mean(dense1)=0.91 mean(dense2)=0.30 mean(dense3)=0.47 mean(softmax4)=0.33
[2015/06/14 20:45:36] test    (iter=121) J=0.97 err=49.00
[2015/06/14 20:45:36] valid   (iter=121) J=0.97 err=49.00
[2015/06/14 20:45:36] monitor (iter=121) J=0.98 err=50.40 mean(dense1)=0.91 mean(dense2)=0.30 mean(dense3)=0.48 mean(softmax4)=0.33
[2015/06/14 20:45:36] valid   (iter=122) J=0.96 err=49.10 *
[2015/06/14 20:45:36] monitor (iter=122) J=0.98 err=50.80 mean(dense1)=0.91 mean(dense2)=0.30 mean(dense3)=0.48 mean(softmax4)=0.33
[2015/06/14 20:45:36] valid   (iter=123) J=0.95 err=48.40 *
[2015/06/14 20:45:36] monitor (iter=123) J=0.97 err=49.60 mean(dense1)=0.91 mean(dense2)=0.30 mean(dense3)=0.48 mean(softmax4)=0.33
[2015/06/14 20:45:36] valid   (iter=124) J=0.97 err=49.10
[2015/06/14 20:45:36] monitor (iter=124) J=0.98 err=50.40 mean(dense1)=0.90 mean(dense2)=0.30 mean(dense3)=0.48 mean(softmax4)=0.33
[2015/06/14 20:45:36] valid   (iter=125) J=0.97 err=48.90
[2015/06/14 20:45:36] monitor (iter=125) J=0.97 err=50.80 mean(dense1)=0.91 mean(dense2)=0.30 mean(dense3)=0.49 mean(softmax4)=0.33
[2015/06/14 20:45:36] valid   (iter=126) J=0.94 err=46.30 *
[2015/06/14 20:45:36] monitor (iter=126) J=0.97 err=49.90 mean(dense1)=0.90 mean(dense2)=0.30 mean(dense3)=0.49 mean(softmax4)=0.33
[2015/06/14 20:45:37] valid   (iter=127) J=0.94 err=47.90
[2015/06/14 20:45:37] monitor (iter=127) J=0.96 err=48.10 mean(dense1)=0.90 mean(dense2)=0.29 mean(dense3)=0.48 mean(softmax4)=0.33
[2015/06/14 20:45:37] valid   (iter=128) J=0.98 err=50.10
[2015/06/14 20:45:37] monitor (iter=128) J=0.97 err=50.60 mean(dense1)=0.90 mean(dense2)=0.30 mean(dense3)=0.51 mean(softmax4)=0.33
[2015/06/14 20:45:37] valid   (iter=129) J=0.97 err=50.30
[2015/06/14 20:45:37] monitor (iter=129) J=0.97 err=49.80 mean(dense1)=0.90 mean(dense2)=0.30 mean(dense3)=0.49 mean(softmax4)=0.33
[2015/06/14 20:45:37] valid   (iter=130) J=0.96 err=49.30
[2015/06/14 20:45:37] monitor (iter=130) J=0.97 err=49.60 mean(dense1)=0.90 mean(dense2)=0.30 mean(dense3)=0.48 mean(softmax4)=0.33
[2015/06/14 20:45:37] test    (iter=131) J=0.99 err=50.00
[2015/06/14 20:45:37] valid   (iter=131) J=0.99 err=50.00
[2015/06/14 20:45:37] monitor (iter=131) J=0.97 err=50.10 mean(dense1)=0.90 mean(dense2)=0.29 mean(dense3)=0.52 mean(softmax4)=0.33
[2015/06/14 20:45:37] valid   (iter=132) J=0.94 err=46.30
[2015/06/14 20:45:37] monitor (iter=132) J=0.95 err=43.90 mean(dense1)=0.91 mean(dense2)=0.30 mean(dense3)=0.46 mean(softmax4)=0.33
[2015/06/14 20:45:37] valid   (iter=133) J=0.91 err=39.50 *
[2015/06/14 20:45:37] monitor (iter=133) J=0.91 err=43.50 mean(dense1)=0.89 mean(dense2)=0.28 mean(dense3)=0.48 mean(softmax4)=0.33
[2015/06/14 20:45:37] valid   (iter=134) J=0.90 err=41.10 *
[2015/06/14 20:45:37] monitor (iter=134) J=0.91 err=44.50 mean(dense1)=0.89 mean(dense2)=0.28 mean(dense3)=0.49 mean(softmax4)=0.33
[2015/06/14 20:45:37] valid   (iter=135) J=0.90 err=42.20 *
[2015/06/14 20:45:38] monitor (iter=135) J=0.91 err=44.80 mean(dense1)=0.89 mean(dense2)=0.28 mean(dense3)=0.50 mean(softmax4)=0.33
[2015/06/14 20:45:38] valid   (iter=136) J=0.90 err=43.40 *
[2015/06/14 20:45:38] monitor (iter=136) J=0.91 err=44.70 mean(dense1)=0.88 mean(dense2)=0.28 mean(dense3)=0.51 mean(softmax4)=0.33
[2015/06/14 20:45:38] valid   (iter=137) J=0.90 err=43.40
[2015/06/14 20:45:38] monitor (iter=137) J=0.92 err=45.30 mean(dense1)=0.88 mean(dense2)=0.28 mean(dense3)=0.51 mean(softmax4)=0.33
[2015/06/14 20:45:38] valid   (iter=138) J=0.90 err=44.00 *
[2015/06/14 20:45:38] monitor (iter=138) J=0.92 err=46.00 mean(dense1)=0.88 mean(dense2)=0.28 mean(dense3)=0.52 mean(softmax4)=0.33
[2015/06/14 20:45:38] valid   (iter=139) J=0.90 err=43.90
[2015/06/14 20:45:38] monitor (iter=139) J=0.92 err=46.40 mean(dense1)=0.88 mean(dense2)=0.28 mean(dense3)=0.52 mean(softmax4)=0.33
[2015/06/14 20:45:38] valid   (iter=140) J=0.90 err=44.00 *
[2015/06/14 20:45:38] monitor (iter=140) J=0.92 err=46.80 mean(dense1)=0.88 mean(dense2)=0.28 mean(dense3)=0.53 mean(softmax4)=0.33
[2015/06/14 20:45:38] test    (iter=141) J=0.89 err=44.20
[2015/06/14 20:45:38] valid   (iter=141) J=0.89 err=44.20
[2015/06/14 20:45:38] monitor (iter=141) J=0.92 err=47.00 mean(dense1)=0.88 mean(dense2)=0.28 mean(dense3)=0.53 mean(softmax4)=0.33
[2015/06/14 20:45:38] valid   (iter=142) J=0.89 err=44.20 *
[2015/06/14 20:45:38] monitor (iter=142) J=0.92 err=47.00 mean(dense1)=0.88 mean(dense2)=0.28 mean(dense3)=0.53 mean(softmax4)=0.33
[2015/06/14 20:45:38] valid   (iter=143) J=0.89 err=44.40
[2015/06/14 20:45:39] monitor (iter=143) J=0.92 err=47.10 mean(dense1)=0.88 mean(dense2)=0.28 mean(dense3)=0.54 mean(softmax4)=0.33
[2015/06/14 20:45:39] valid   (iter=144) J=0.89 err=44.70 *
[2015/06/14 20:45:39] monitor (iter=144) J=0.92 err=47.50 mean(dense1)=0.88 mean(dense2)=0.28 mean(dense3)=0.54 mean(softmax4)=0.33
[2015/06/14 20:45:39] valid   (iter=145) J=0.89 err=45.00
[2015/06/14 20:45:39] monitor (iter=145) J=0.92 err=47.50 mean(dense1)=0.88 mean(dense2)=0.28 mean(dense3)=0.54 mean(softmax4)=0.33
[2015/06/14 20:45:39] valid   (iter=146) J=0.89 err=45.20
[2015/06/14 20:45:39] monitor (iter=146) J=0.92 err=47.40 mean(dense1)=0.88 mean(dense2)=0.28 mean(dense3)=0.55 mean(softmax4)=0.33
[2015/06/14 20:45:39] valid   (iter=147) J=0.89 err=45.40 *
[2015/06/14 20:45:39] monitor (iter=147) J=0.91 err=47.50 mean(dense1)=0.88 mean(dense2)=0.27 mean(dense3)=0.55 mean(softmax4)=0.33
[2015/06/14 20:45:39] valid   (iter=148) J=0.89 err=45.40
[2015/06/14 20:45:39] monitor (iter=148) J=0.91 err=47.60 mean(dense1)=0.88 mean(dense2)=0.27 mean(dense3)=0.55 mean(softmax4)=0.33
[2015/06/14 20:45:39] valid   (iter=149) J=0.89 err=45.50
[2015/06/14 20:45:39] monitor (iter=149) J=0.91 err=47.60 mean(dense1)=0.88 mean(dense2)=0.27 mean(dense3)=0.55 mean(softmax4)=0.33
[2015/06/14 20:45:39] valid   (iter=150) J=0.89 err=45.60 *
[2015/06/14 20:45:39] monitor (iter=150) J=0.91 err=47.30 mean(dense1)=0.88 mean(dense2)=0.27 mean(dense3)=0.55 mean(softmax4)=0.33
[2015/06/14 20:45:39] test    (iter=151) J=0.89 err=45.40
[2015/06/14 20:45:39] valid   (iter=151) J=0.89 err=45.40
[2015/06/14 20:45:40] monitor (iter=151) J=0.91 err=47.10 mean(dense1)=0.88 mean(dense2)=0.27 mean(dense3)=0.56 mean(softmax4)=0.33
[2015/06/14 20:45:40] valid   (iter=152) J=0.89 err=45.50
[2015/06/14 20:45:40] monitor (iter=152) J=0.91 err=47.10 mean(dense1)=0.88 mean(dense2)=0.27 mean(dense3)=0.56 mean(softmax4)=0.33
[2015/06/14 20:45:40] valid   (iter=153) J=0.89 err=45.70
[2015/06/14 20:45:40] monitor (iter=153) J=0.91 err=47.00 mean(dense1)=0.88 mean(dense2)=0.27 mean(dense3)=0.56 mean(softmax4)=0.33
[2015/06/14 20:45:40] valid   (iter=154) J=0.89 err=45.50 *
[2015/06/14 20:45:40] monitor (iter=154) J=0.91 err=47.10 mean(dense1)=0.88 mean(dense2)=0.27 mean(dense3)=0.56 mean(softmax4)=0.33
[2015/06/14 20:45:40] valid   (iter=155) J=0.89 err=45.50
[2015/06/14 20:45:40] monitor (iter=155) J=0.91 err=47.20 mean(dense1)=0.88 mean(dense2)=0.27 mean(dense3)=0.56 mean(softmax4)=0.33
[2015/06/14 20:45:40] valid   (iter=156) J=0.89 err=45.60
[2015/06/14 20:45:40] monitor (iter=156) J=0.91 err=47.10 mean(dense1)=0.88 mean(dense2)=0.27 mean(dense3)=0.57 mean(softmax4)=0.33
[2015/06/14 20:45:40] valid   (iter=157) J=0.89 err=45.90
[2015/06/14 20:45:40] monitor (iter=157) J=0.91 err=47.00 mean(dense1)=0.88 mean(dense2)=0.27 mean(dense3)=0.57 mean(softmax4)=0.33
[2015/06/14 20:45:40] valid   (iter=158) J=0.89 err=45.70
[2015/06/14 20:45:40] monitor (iter=158) J=0.91 err=47.00 mean(dense1)=0.89 mean(dense2)=0.27 mean(dense3)=0.57 mean(softmax4)=0.33
[2015/06/14 20:45:40] valid   (iter=159) J=0.89 err=45.90 *
[2015/06/14 20:45:40] monitor (iter=159) J=0.91 err=46.80 mean(dense1)=0.89 mean(dense2)=0.27 mean(dense3)=0.57 mean(softmax4)=0.33
[2015/06/14 20:45:40] valid   (iter=160) J=0.89 err=45.80
[2015/06/14 20:45:41] monitor (iter=160) J=0.91 err=46.90 mean(dense1)=0.89 mean(dense2)=0.27 mean(dense3)=0.57 mean(softmax4)=0.33
[2015/06/14 20:45:41] test    (iter=161) J=0.89 err=45.90
[2015/06/14 20:45:41] valid   (iter=161) J=0.89 err=45.90
[2015/06/14 20:45:41] monitor (iter=161) J=0.91 err=47.10 mean(dense1)=0.89 mean(dense2)=0.27 mean(dense3)=0.58 mean(softmax4)=0.33
[2015/06/14 20:45:41] valid   (iter=162) J=0.89 err=46.10
[2015/06/14 20:45:41] monitor (iter=162) J=0.91 err=47.10 mean(dense1)=0.89 mean(dense2)=0.27 mean(dense3)=0.58 mean(softmax4)=0.33
[2015/06/14 20:45:41] valid   (iter=163) J=0.89 err=46.30 *
[2015/06/14 20:45:41] monitor (iter=163) J=0.91 err=47.10 mean(dense1)=0.89 mean(dense2)=0.27 mean(dense3)=0.58 mean(softmax4)=0.33
[2015/06/14 20:45:41] valid   (iter=164) J=0.89 err=46.40
[2015/06/14 20:45:41] monitor (iter=164) J=0.91 err=47.10 mean(dense1)=0.89 mean(dense2)=0.27 mean(dense3)=0.58 mean(softmax4)=0.33
[2015/06/14 20:45:41] valid   (iter=165) J=0.89 err=46.40
[2015/06/14 20:45:41] monitor (iter=165) J=0.91 err=47.20 mean(dense1)=0.89 mean(dense2)=0.27 mean(dense3)=0.58 mean(softmax4)=0.33
[2015/06/14 20:45:41] valid   (iter=166) J=0.89 err=46.30
[2015/06/14 20:45:41] monitor (iter=166) J=0.91 err=47.20 mean(dense1)=0.89 mean(dense2)=0.27 mean(dense3)=0.58 mean(softmax4)=0.33
[2015/06/14 20:45:41] valid   (iter=167) J=0.89 err=46.40 *
[2015/06/14 20:45:41] monitor (iter=167) J=0.91 err=47.20 mean(dense1)=0.89 mean(dense2)=0.27 mean(dense3)=0.59 mean(softmax4)=0.33
[2015/06/14 20:45:41] valid   (iter=168) J=0.89 err=46.40
[2015/06/14 20:45:42] monitor (iter=168) J=0.91 err=47.20 mean(dense1)=0.89 mean(dense2)=0.27 mean(dense3)=0.59 mean(softmax4)=0.33
[2015/06/14 20:45:42] valid   (iter=169) J=0.89 err=46.50
[2015/06/14 20:45:42] monitor (iter=169) J=0.91 err=47.20 mean(dense1)=0.89 mean(dense2)=0.27 mean(dense3)=0.59 mean(softmax4)=0.33
[2015/06/14 20:45:42] valid   (iter=170) J=0.89 err=46.50 *
[2015/06/14 20:45:42] monitor (iter=170) J=0.90 err=47.20 mean(dense1)=0.89 mean(dense2)=0.27 mean(dense3)=0.59 mean(softmax4)=0.33
[2015/06/14 20:45:42] test    (iter=171) J=0.89 err=46.40
[2015/06/14 20:45:42] valid   (iter=171) J=0.89 err=46.40
[2015/06/14 20:45:42] monitor (iter=171) J=0.90 err=47.20 mean(dense1)=0.89 mean(dense2)=0.27 mean(dense3)=0.59 mean(softmax4)=0.33
[2015/06/14 20:45:42] valid   (iter=172) J=0.88 err=46.30
[2015/06/14 20:45:42] monitor (iter=172) J=0.90 err=47.30 mean(dense1)=0.89 mean(dense2)=0.27 mean(dense3)=0.59 mean(softmax4)=0.33
[2015/06/14 20:45:42] valid   (iter=173) J=0.88 err=46.20 *
[2015/06/14 20:45:42] monitor (iter=173) J=0.90 err=47.00 mean(dense1)=0.89 mean(dense2)=0.27 mean(dense3)=0.60 mean(softmax4)=0.33
[2015/06/14 20:45:42] valid   (iter=174) J=0.88 err=46.20
[2015/06/14 20:45:42] monitor (iter=174) J=0.90 err=47.00 mean(dense1)=0.89 mean(dense2)=0.27 mean(dense3)=0.60 mean(softmax4)=0.33
[2015/06/14 20:45:42] valid   (iter=175) J=0.88 err=46.20
[2015/06/14 20:45:42] monitor (iter=175) J=0.90 err=46.90 mean(dense1)=0.89 mean(dense2)=0.27 mean(dense3)=0.60 mean(softmax4)=0.33
[2015/06/14 20:45:42] valid   (iter=176) J=0.88 err=46.20 *
[2015/06/14 20:45:43] monitor (iter=176) J=0.90 err=46.90 mean(dense1)=0.89 mean(dense2)=0.27 mean(dense3)=0.60 mean(softmax4)=0.33
[2015/06/14 20:45:43] valid   (iter=177) J=0.88 err=46.20
[2015/06/14 20:45:43] monitor (iter=177) J=0.90 err=46.90 mean(dense1)=0.89 mean(dense2)=0.27 mean(dense3)=0.60 mean(softmax4)=0.33
[2015/06/14 20:45:43] valid   (iter=178) J=0.88 err=46.20 *
[2015/06/14 20:45:43] monitor (iter=178) J=0.90 err=46.90 mean(dense1)=0.89 mean(dense2)=0.27 mean(dense3)=0.60 mean(softmax4)=0.33
[2015/06/14 20:45:43] valid   (iter=179) J=0.88 err=46.30
[2015/06/14 20:45:43] monitor (iter=179) J=0.90 err=47.10 mean(dense1)=0.89 mean(dense2)=0.27 mean(dense3)=0.61 mean(softmax4)=0.33
[2015/06/14 20:45:43] valid   (iter=180) J=0.88 err=46.30 *
[2015/06/14 20:45:43] monitor (iter=180) J=0.90 err=46.90 mean(dense1)=0.89 mean(dense2)=0.27 mean(dense3)=0.61 mean(softmax4)=0.33
[2015/06/14 20:45:43] test    (iter=181) J=0.88 err=46.10
[2015/06/14 20:45:43] valid   (iter=181) J=0.88 err=46.10
[2015/06/14 20:45:43] monitor (iter=181) J=0.90 err=46.90 mean(dense1)=0.89 mean(dense2)=0.27 mean(dense3)=0.61 mean(softmax4)=0.33
[2015/06/14 20:45:43] valid   (iter=182) J=0.88 err=46.10 *
[2015/06/14 20:45:43] monitor (iter=182) J=0.90 err=46.90 mean(dense1)=0.89 mean(dense2)=0.28 mean(dense3)=0.61 mean(softmax4)=0.33
[2015/06/14 20:45:43] valid   (iter=183) J=0.88 err=46.20
[2015/06/14 20:45:43] monitor (iter=183) J=0.90 err=46.70 mean(dense1)=0.89 mean(dense2)=0.28 mean(dense3)=0.61 mean(softmax4)=0.33
[2015/06/14 20:45:43] valid   (iter=184) J=0.88 err=46.10 *
[2015/06/14 20:45:44] monitor (iter=184) J=0.90 err=46.50 mean(dense1)=0.89 mean(dense2)=0.28 mean(dense3)=0.61 mean(softmax4)=0.33
[2015/06/14 20:45:44] valid   (iter=185) J=0.88 err=46.10
[2015/06/14 20:45:44] monitor (iter=185) J=0.90 err=46.20 mean(dense1)=0.89 mean(dense2)=0.28 mean(dense3)=0.61 mean(softmax4)=0.33
[2015/06/14 20:45:44] valid   (iter=186) J=0.88 err=46.10 *
[2015/06/14 20:45:44] monitor (iter=186) J=0.90 err=46.20 mean(dense1)=0.89 mean(dense2)=0.28 mean(dense3)=0.62 mean(softmax4)=0.33
[2015/06/14 20:45:44] valid   (iter=187) J=0.88 err=46.20
[2015/06/14 20:45:44] monitor (iter=187) J=0.90 err=46.20 mean(dense1)=0.89 mean(dense2)=0.28 mean(dense3)=0.62 mean(softmax4)=0.33
[2015/06/14 20:45:44] valid   (iter=188) J=0.88 err=46.20 *
[2015/06/14 20:45:44] monitor (iter=188) J=0.90 err=46.10 mean(dense1)=0.89 mean(dense2)=0.28 mean(dense3)=0.62 mean(softmax4)=0.33
[2015/06/14 20:45:44] valid   (iter=189) J=0.88 err=46.00
[2015/06/14 20:45:44] monitor (iter=189) J=0.90 err=46.10 mean(dense1)=0.89 mean(dense2)=0.28 mean(dense3)=0.62 mean(softmax4)=0.33
[2015/06/14 20:45:44] valid   (iter=190) J=0.88 err=45.80 *
[2015/06/14 20:45:44] monitor (iter=190) J=0.89 err=46.10 mean(dense1)=0.89 mean(dense2)=0.28 mean(dense3)=0.62 mean(softmax4)=0.33
[2015/06/14 20:45:44] test    (iter=191) J=0.88 err=45.50
[2015/06/14 20:45:44] valid   (iter=191) J=0.88 err=45.50
[2015/06/14 20:45:44] monitor (iter=191) J=0.89 err=46.10 mean(dense1)=0.89 mean(dense2)=0.28 mean(dense3)=0.62 mean(softmax4)=0.33
[2015/06/14 20:45:44] valid   (iter=192) J=0.88 err=45.40 *
[2015/06/14 20:45:44] monitor (iter=192) J=0.89 err=46.10 mean(dense1)=0.89 mean(dense2)=0.28 mean(dense3)=0.63 mean(softmax4)=0.33
[2015/06/14 20:45:45] valid   (iter=193) J=0.87 err=45.20
[2015/06/14 20:45:45] monitor (iter=193) J=0.89 err=46.00 mean(dense1)=0.88 mean(dense2)=0.28 mean(dense3)=0.63 mean(softmax4)=0.33
[2015/06/14 20:45:45] valid   (iter=194) J=0.87 err=45.30 *
[2015/06/14 20:45:45] monitor (iter=194) J=0.89 err=46.00 mean(dense1)=0.88 mean(dense2)=0.28 mean(dense3)=0.63 mean(softmax4)=0.33
[2015/06/14 20:45:45] valid   (iter=195) J=0.87 err=45.30
[2015/06/14 20:45:45] monitor (iter=195) J=0.89 err=46.00 mean(dense1)=0.88 mean(dense2)=0.28 mean(dense3)=0.63 mean(softmax4)=0.33
[2015/06/14 20:45:45] valid   (iter=196) J=0.87 err=45.40 *
[2015/06/14 20:45:45] monitor (iter=196) J=0.89 err=45.90 mean(dense1)=0.88 mean(dense2)=0.28 mean(dense3)=0.63 mean(softmax4)=0.33
[2015/06/14 20:45:45] valid   (iter=197) J=0.87 err=45.40
[2015/06/14 20:45:45] monitor (iter=197) J=0.89 err=45.90 mean(dense1)=0.88 mean(dense2)=0.28 mean(dense3)=0.63 mean(softmax4)=0.33
[2015/06/14 20:45:45] valid   (iter=198) J=0.87 err=45.30 *
[2015/06/14 20:45:45] monitor (iter=198) J=0.89 err=45.90 mean(dense1)=0.88 mean(dense2)=0.28 mean(dense3)=0.63 mean(softmax4)=0.33
[2015/06/14 20:45:45] valid   (iter=199) J=0.87 err=45.30
[2015/06/14 20:45:45] monitor (iter=199) J=0.89 err=45.80 mean(dense1)=0.88 mean(dense2)=0.28 mean(dense3)=0.64 mean(softmax4)=0.33
[2015/06/14 20:45:45] valid   (iter=200) J=0.87 err=45.10 *
[2015/06/14 20:45:45] monitor (iter=200) J=0.89 err=45.30 mean(dense1)=0.88 mean(dense2)=0.28 mean(dense3)=0.64 mean(softmax4)=0.33
[2015/06/14 20:45:45] test    (iter=201) J=0.87 err=45.00
[2015/06/14 20:45:45] valid   (iter=201) J=0.87 err=45.00
[2015/06/14 20:45:46] monitor (iter=201) J=0.89 err=45.30 mean(dense1)=0.88 mean(dense2)=0.28 mean(dense3)=0.64 mean(softmax4)=0.33
[2015/06/14 20:45:46] valid   (iter=202) J=0.87 err=44.90 *
[2015/06/14 20:45:46] monitor (iter=202) J=0.89 err=45.30 mean(dense1)=0.88 mean(dense2)=0.28 mean(dense3)=0.64 mean(softmax4)=0.33
[2015/06/14 20:45:46] valid   (iter=203) J=0.87 err=44.90
[2015/06/14 20:45:46] monitor (iter=203) J=0.89 err=45.30 mean(dense1)=0.88 mean(dense2)=0.28 mean(dense3)=0.64 mean(softmax4)=0.33
[2015/06/14 20:45:46] valid   (iter=204) J=0.87 err=44.80 *
[2015/06/14 20:45:46] monitor (iter=204) J=0.89 err=45.10 mean(dense1)=0.88 mean(dense2)=0.28 mean(dense3)=0.64 mean(softmax4)=0.33
[2015/06/14 20:45:46] valid   (iter=205) J=0.87 err=44.90
[2015/06/14 20:45:46] monitor (iter=205) J=0.89 err=45.10 mean(dense1)=0.88 mean(dense2)=0.28 mean(dense3)=0.64 mean(softmax4)=0.33
[2015/06/14 20:45:46] valid   (iter=206) J=0.87 err=44.80 *
[2015/06/14 20:45:46] monitor (iter=206) J=0.89 err=44.80 mean(dense1)=0.88 mean(dense2)=0.28 mean(dense3)=0.65 mean(softmax4)=0.33
[2015/06/14 20:45:46] valid   (iter=207) J=0.87 err=44.70
[2015/06/14 20:45:46] monitor (iter=207) J=0.89 err=44.70 mean(dense1)=0.88 mean(dense2)=0.28 mean(dense3)=0.65 mean(softmax4)=0.33
[2015/06/14 20:45:46] valid   (iter=208) J=0.87 err=44.80 *
[2015/06/14 20:45:46] monitor (iter=208) J=0.89 err=44.70 mean(dense1)=0.88 mean(dense2)=0.28 mean(dense3)=0.65 mean(softmax4)=0.33
[2015/06/14 20:45:46] valid   (iter=209) J=0.87 err=44.80
[2015/06/14 20:45:47] monitor (iter=209) J=0.88 err=44.60 mean(dense1)=0.88 mean(dense2)=0.28 mean(dense3)=0.65 mean(softmax4)=0.33
[2015/06/14 20:45:47] valid   (iter=210) J=0.86 err=44.60 *
[2015/06/14 20:45:47] monitor (iter=210) J=0.88 err=44.60 mean(dense1)=0.88 mean(dense2)=0.28 mean(dense3)=0.65 mean(softmax4)=0.33
[2015/06/14 20:45:47] test    (iter=211) J=0.86 err=44.50
[2015/06/14 20:45:47] valid   (iter=211) J=0.86 err=44.50
[2015/06/14 20:45:47] monitor (iter=211) J=0.88 err=44.40 mean(dense1)=0.88 mean(dense2)=0.28 mean(dense3)=0.65 mean(softmax4)=0.33
[2015/06/14 20:45:47] valid   (iter=212) J=0.86 err=44.50 *
[2015/06/14 20:45:47] monitor (iter=212) J=0.88 err=43.90 mean(dense1)=0.88 mean(dense2)=0.28 mean(dense3)=0.65 mean(softmax4)=0.33
[2015/06/14 20:45:47] valid   (iter=213) J=0.86 err=44.50
[2015/06/14 20:45:47] monitor (iter=213) J=0.88 err=44.30 mean(dense1)=0.88 mean(dense2)=0.28 mean(dense3)=0.66 mean(softmax4)=0.33
[2015/06/14 20:45:47] valid   (iter=214) J=0.86 err=44.50 *
[2015/06/14 20:45:47] monitor (iter=214) J=0.88 err=44.30 mean(dense1)=0.88 mean(dense2)=0.28 mean(dense3)=0.66 mean(softmax4)=0.33
[2015/06/14 20:45:47] valid   (iter=215) J=0.86 err=44.20
[2015/06/14 20:45:47] monitor (iter=215) J=0.88 err=44.20 mean(dense1)=0.88 mean(dense2)=0.28 mean(dense3)=0.66 mean(softmax4)=0.33
[2015/06/14 20:45:47] valid   (iter=216) J=0.86 err=44.00 *
[2015/06/14 20:45:47] monitor (iter=216) J=0.88 err=44.20 mean(dense1)=0.88 mean(dense2)=0.28 mean(dense3)=0.66 mean(softmax4)=0.33
[2015/06/14 20:45:47] valid   (iter=217) J=0.86 err=44.00
[2015/06/14 20:45:47] monitor (iter=217) J=0.88 err=44.10 mean(dense1)=0.88 mean(dense2)=0.28 mean(dense3)=0.66 mean(softmax4)=0.33
[2015/06/14 20:45:48] valid   (iter=218) J=0.86 err=44.00 *
[2015/06/14 20:45:48] monitor (iter=218) J=0.88 err=44.00 mean(dense1)=0.88 mean(dense2)=0.28 mean(dense3)=0.66 mean(softmax4)=0.33
[2015/06/14 20:45:48] valid   (iter=219) J=0.86 err=43.90
[2015/06/14 20:45:48] monitor (iter=219) J=0.88 err=44.00 mean(dense1)=0.88 mean(dense2)=0.28 mean(dense3)=0.66 mean(softmax4)=0.33
[2015/06/14 20:45:48] valid   (iter=220) J=0.86 err=43.90 *
[2015/06/14 20:45:48] monitor (iter=220) J=0.88 err=44.00 mean(dense1)=0.88 mean(dense2)=0.28 mean(dense3)=0.67 mean(softmax4)=0.33
[2015/06/14 20:45:48] test    (iter=221) J=0.86 err=43.90
[2015/06/14 20:45:48] valid   (iter=221) J=0.86 err=43.90
[2015/06/14 20:45:48] monitor (iter=221) J=0.88 err=43.90 mean(dense1)=0.88 mean(dense2)=0.28 mean(dense3)=0.67 mean(softmax4)=0.33
[2015/06/14 20:45:48] valid   (iter=222) J=0.86 err=43.90 *
[2015/06/14 20:45:48] monitor (iter=222) J=0.88 err=43.90 mean(dense1)=0.88 mean(dense2)=0.28 mean(dense3)=0.67 mean(softmax4)=0.33
[2015/06/14 20:45:48] valid   (iter=223) J=0.86 err=44.00
[2015/06/14 20:45:48] monitor (iter=223) J=0.88 err=43.90 mean(dense1)=0.88 mean(dense2)=0.28 mean(dense3)=0.67 mean(softmax4)=0.33
[2015/06/14 20:45:48] valid   (iter=224) J=0.86 err=44.00 *
[2015/06/14 20:45:48] monitor (iter=224) J=0.88 err=44.00 mean(dense1)=0.88 mean(dense2)=0.28 mean(dense3)=0.67 mean(softmax4)=0.33
[2015/06/14 20:45:48] valid   (iter=225) J=0.86 err=43.80
[2015/06/14 20:45:48] monitor (iter=225) J=0.88 err=44.00 mean(dense1)=0.88 mean(dense2)=0.28 mean(dense3)=0.67 mean(softmax4)=0.33
[2015/06/14 20:45:48] valid   (iter=226) J=0.86 err=43.80 *
[2015/06/14 20:45:49] monitor (iter=226) J=0.88 err=44.00 mean(dense1)=0.88 mean(dense2)=0.28 mean(dense3)=0.67 mean(softmax4)=0.33
[2015/06/14 20:45:49] valid   (iter=227) J=0.86 err=43.90
[2015/06/14 20:45:49] monitor (iter=227) J=0.87 err=44.00 mean(dense1)=0.88 mean(dense2)=0.28 mean(dense3)=0.67 mean(softmax4)=0.33
[2015/06/14 20:45:49] valid   (iter=228) J=0.86 err=43.80 *
[2015/06/14 20:45:49] monitor (iter=228) J=0.87 err=44.00 mean(dense1)=0.88 mean(dense2)=0.28 mean(dense3)=0.68 mean(softmax4)=0.33
[2015/06/14 20:45:49] valid   (iter=229) J=0.85 err=43.80
[2015/06/14 20:45:49] monitor (iter=229) J=0.87 err=44.20 mean(dense1)=0.88 mean(dense2)=0.28 mean(dense3)=0.68 mean(softmax4)=0.33
[2015/06/14 20:45:49] valid   (iter=230) J=0.85 err=43.70 *
[2015/06/14 20:45:49] monitor (iter=230) J=0.87 err=44.00 mean(dense1)=0.88 mean(dense2)=0.28 mean(dense3)=0.68 mean(softmax4)=0.33
[2015/06/14 20:45:49] test    (iter=231) J=0.85 err=43.70
[2015/06/14 20:45:49] valid   (iter=231) J=0.85 err=43.70
[2015/06/14 20:45:49] monitor (iter=231) J=0.87 err=43.60 mean(dense1)=0.88 mean(dense2)=0.28 mean(dense3)=0.68 mean(softmax4)=0.33
[2015/06/14 20:45:49] valid   (iter=232) J=0.85 err=43.70 *
[2015/06/14 20:45:49] monitor (iter=232) J=0.87 err=43.50 mean(dense1)=0.88 mean(dense2)=0.28 mean(dense3)=0.68 mean(softmax4)=0.33
[2015/06/14 20:45:49] valid   (iter=233) J=0.85 err=43.60
[2015/06/14 20:45:49] monitor (iter=233) J=0.87 err=43.50 mean(dense1)=0.88 mean(dense2)=0.28 mean(dense3)=0.68 mean(softmax4)=0.33
[2015/06/14 20:45:49] valid   (iter=234) J=0.85 err=43.60 *
[2015/06/14 20:45:50] monitor (iter=234) J=0.87 err=43.50 mean(dense1)=0.88 mean(dense2)=0.28 mean(dense3)=0.68 mean(softmax4)=0.33
[2015/06/14 20:45:50] valid   (iter=235) J=0.85 err=43.50
[2015/06/14 20:45:50] monitor (iter=235) J=0.87 err=43.40 mean(dense1)=0.88 mean(dense2)=0.29 mean(dense3)=0.69 mean(softmax4)=0.33
[2015/06/14 20:45:50] valid   (iter=236) J=0.85 err=43.50 *
[2015/06/14 20:45:50] monitor (iter=236) J=0.87 err=43.30 mean(dense1)=0.88 mean(dense2)=0.29 mean(dense3)=0.69 mean(softmax4)=0.33
[2015/06/14 20:45:50] valid   (iter=237) J=0.85 err=43.60
[2015/06/14 20:45:50] monitor (iter=237) J=0.87 err=43.20 mean(dense1)=0.88 mean(dense2)=0.29 mean(dense3)=0.69 mean(softmax4)=0.33
[2015/06/14 20:45:50] valid   (iter=238) J=0.85 err=43.60 *
[2015/06/14 20:45:50] monitor (iter=238) J=0.87 err=43.20 mean(dense1)=0.88 mean(dense2)=0.29 mean(dense3)=0.69 mean(softmax4)=0.33
[2015/06/14 20:45:50] valid   (iter=239) J=0.85 err=43.50
[2015/06/14 20:45:50] monitor (iter=239) J=0.87 err=43.20 mean(dense1)=0.88 mean(dense2)=0.29 mean(dense3)=0.69 mean(softmax4)=0.33
[2015/06/14 20:45:50] valid   (iter=240) J=0.85 err=43.50 *
[2015/06/14 20:45:50] monitor (iter=240) J=0.87 err=43.10 mean(dense1)=0.88 mean(dense2)=0.29 mean(dense3)=0.69 mean(softmax4)=0.33
[2015/06/14 20:45:50] test    (iter=241) J=0.85 err=43.50
[2015/06/14 20:45:50] valid   (iter=241) J=0.85 err=43.50
[2015/06/14 20:45:50] monitor (iter=241) J=0.87 err=43.10 mean(dense1)=0.88 mean(dense2)=0.29 mean(dense3)=0.69 mean(softmax4)=0.33
[2015/06/14 20:45:50] valid   (iter=242) J=0.85 err=43.50 *
[2015/06/14 20:45:51] monitor (iter=242) J=0.87 err=43.00 mean(dense1)=0.88 mean(dense2)=0.29 mean(dense3)=0.70 mean(softmax4)=0.33
[2015/06/14 20:45:51] valid   (iter=243) J=0.85 err=43.40
[2015/06/14 20:45:51] monitor (iter=243) J=0.87 err=42.90 mean(dense1)=0.88 mean(dense2)=0.29 mean(dense3)=0.70 mean(softmax4)=0.33
[2015/06/14 20:45:51] valid   (iter=244) J=0.85 err=43.40 *
[2015/06/14 20:45:51] monitor (iter=244) J=0.87 err=42.90 mean(dense1)=0.88 mean(dense2)=0.29 mean(dense3)=0.70 mean(softmax4)=0.33
[2015/06/14 20:45:51] valid   (iter=245) J=0.85 err=43.40
[2015/06/14 20:45:51] monitor (iter=245) J=0.86 err=42.90 mean(dense1)=0.88 mean(dense2)=0.29 mean(dense3)=0.70 mean(softmax4)=0.33
[2015/06/14 20:45:51] valid   (iter=246) J=0.85 err=43.50 *
[2015/06/14 20:45:51] monitor (iter=246) J=0.86 err=42.80 mean(dense1)=0.88 mean(dense2)=0.29 mean(dense3)=0.70 mean(softmax4)=0.33
[2015/06/14 20:45:51] valid   (iter=247) J=0.85 err=43.40
[2015/06/14 20:45:51] monitor (iter=247) J=0.86 err=42.80 mean(dense1)=0.88 mean(dense2)=0.29 mean(dense3)=0.70 mean(softmax4)=0.33
[2015/06/14 20:45:51] valid   (iter=248) J=0.85 err=43.40 *
[2015/06/14 20:45:51] monitor (iter=248) J=0.86 err=42.40 mean(dense1)=0.88 mean(dense2)=0.29 mean(dense3)=0.70 mean(softmax4)=0.33
[2015/06/14 20:45:51] valid   (iter=249) J=0.85 err=43.40
[2015/06/14 20:45:51] monitor (iter=249) J=0.86 err=42.50 mean(dense1)=0.88 mean(dense2)=0.29 mean(dense3)=0.71 mean(softmax4)=0.33
[2015/06/14 20:45:51] valid   (iter=250) J=0.84 err=43.40 *
[2015/06/14 20:45:52] monitor (iter=250) J=0.86 err=42.50 mean(dense1)=0.88 mean(dense2)=0.29 mean(dense3)=0.71 mean(softmax4)=0.33
[2015/06/14 20:45:52] test    (iter=251) J=0.84 err=43.40
[2015/06/14 20:45:52] valid   (iter=251) J=0.84 err=43.40
[2015/06/14 20:45:52] monitor (iter=251) J=0.86 err=42.40 mean(dense1)=0.88 mean(dense2)=0.29 mean(dense3)=0.71 mean(softmax4)=0.33
[2015/06/14 20:45:52] valid   (iter=252) J=0.84 err=43.40 *
[2015/06/14 20:45:52] monitor (iter=252) J=0.86 err=42.50 mean(dense1)=0.88 mean(dense2)=0.29 mean(dense3)=0.71 mean(softmax4)=0.33
[2015/06/14 20:45:52] valid   (iter=253) J=0.84 err=43.40
[2015/06/14 20:45:52] monitor (iter=253) J=0.86 err=42.50 mean(dense1)=0.88 mean(dense2)=0.29 mean(dense3)=0.71 mean(softmax4)=0.33
[2015/06/14 20:45:52] valid   (iter=254) J=0.84 err=43.40 *
[2015/06/14 20:45:52] monitor (iter=254) J=0.86 err=42.40 mean(dense1)=0.88 mean(dense2)=0.29 mean(dense3)=0.71 mean(softmax4)=0.33
[2015/06/14 20:45:52] valid   (iter=255) J=0.84 err=43.30
[2015/06/14 20:45:52] monitor (iter=255) J=0.86 err=42.30 mean(dense1)=0.88 mean(dense2)=0.29 mean(dense3)=0.71 mean(softmax4)=0.33
[2015/06/14 20:45:52] valid   (iter=256) J=0.84 err=43.20 *
[2015/06/14 20:45:52] monitor (iter=256) J=0.86 err=42.20 mean(dense1)=0.88 mean(dense2)=0.29 mean(dense3)=0.71 mean(softmax4)=0.33
[2015/06/14 20:45:52] valid   (iter=257) J=0.84 err=43.20
[2015/06/14 20:45:52] monitor (iter=257) J=0.86 err=41.90 mean(dense1)=0.88 mean(dense2)=0.29 mean(dense3)=0.72 mean(softmax4)=0.33
[2015/06/14 20:45:52] valid   (iter=258) J=0.84 err=43.20 *
[2015/06/14 20:45:52] monitor (iter=258) J=0.86 err=41.80 mean(dense1)=0.88 mean(dense2)=0.29 mean(dense3)=0.72 mean(softmax4)=0.33
[2015/06/14 20:45:53] valid   (iter=259) J=0.84 err=43.00
[2015/06/14 20:45:53] monitor (iter=259) J=0.86 err=41.80 mean(dense1)=0.88 mean(dense2)=0.29 mean(dense3)=0.72 mean(softmax4)=0.33
[2015/06/14 20:45:53] valid   (iter=260) J=0.84 err=43.00 *
[2015/06/14 20:45:53] monitor (iter=260) J=0.86 err=41.70 mean(dense1)=0.88 mean(dense2)=0.29 mean(dense3)=0.72 mean(softmax4)=0.33
[2015/06/14 20:45:53] test    (iter=261) J=0.84 err=43.00
[2015/06/14 20:45:53] valid   (iter=261) J=0.84 err=43.00
[2015/06/14 20:45:53] monitor (iter=261) J=0.86 err=41.20 mean(dense1)=0.88 mean(dense2)=0.29 mean(dense3)=0.72 mean(softmax4)=0.33
[2015/06/14 20:45:53] valid   (iter=262) J=0.84 err=43.00 *
[2015/06/14 20:45:53] monitor (iter=262) J=0.86 err=41.30 mean(dense1)=0.88 mean(dense2)=0.29 mean(dense3)=0.72 mean(softmax4)=0.33
[2015/06/14 20:45:53] valid   (iter=263) J=0.84 err=43.10 *
[2015/06/14 20:45:53] monitor (iter=263) J=0.86 err=41.30 mean(dense1)=0.88 mean(dense2)=0.29 mean(dense3)=0.72 mean(softmax4)=0.33
[2015/06/14 20:45:53] valid   (iter=264) J=0.83 err=43.00 *
[2015/06/14 20:45:53] monitor (iter=264) J=0.86 err=41.30 mean(dense1)=0.87 mean(dense2)=0.29 mean(dense3)=0.73 mean(softmax4)=0.33
[2015/06/14 20:45:53] valid   (iter=265) J=0.83 err=43.10 *
[2015/06/14 20:45:53] monitor (iter=265) J=0.85 err=41.30 mean(dense1)=0.87 mean(dense2)=0.29 mean(dense3)=0.73 mean(softmax4)=0.33
[2015/06/14 20:45:53] valid   (iter=266) J=0.83 err=43.00 *
[2015/06/14 20:45:53] monitor (iter=266) J=0.85 err=41.20 mean(dense1)=0.87 mean(dense2)=0.29 mean(dense3)=0.73 mean(softmax4)=0.33
[2015/06/14 20:45:53] valid   (iter=267) J=0.83 err=42.90 *
[2015/06/14 20:45:54] monitor (iter=267) J=0.85 err=41.10 mean(dense1)=0.87 mean(dense2)=0.29 mean(dense3)=0.73 mean(softmax4)=0.33
[2015/06/14 20:45:54] valid   (iter=268) J=0.83 err=42.70 *
[2015/06/14 20:45:54] monitor (iter=268) J=0.85 err=41.10 mean(dense1)=0.87 mean(dense2)=0.29 mean(dense3)=0.73 mean(softmax4)=0.33
[2015/06/14 20:45:54] valid   (iter=269) J=0.83 err=42.70 *
[2015/06/14 20:45:54] monitor (iter=269) J=0.85 err=41.20 mean(dense1)=0.87 mean(dense2)=0.29 mean(dense3)=0.73 mean(softmax4)=0.33
[2015/06/14 20:45:54] valid   (iter=270) J=0.83 err=42.60 *
[2015/06/14 20:45:54] monitor (iter=270) J=0.85 err=41.10 mean(dense1)=0.87 mean(dense2)=0.29 mean(dense3)=0.73 mean(softmax4)=0.33
[2015/06/14 20:45:54] test    (iter=271) J=0.83 err=42.90
[2015/06/14 20:45:54] valid   (iter=271) J=0.83 err=42.90
[2015/06/14 20:45:54] monitor (iter=271) J=0.85 err=41.50 mean(dense1)=0.87 mean(dense2)=0.29 mean(dense3)=0.73 mean(softmax4)=0.33
[2015/06/14 20:45:54] valid   (iter=272) J=0.83 err=43.00
[2015/06/14 20:45:54] monitor (iter=272) J=0.85 err=41.00 mean(dense1)=0.87 mean(dense2)=0.29 mean(dense3)=0.73 mean(softmax4)=0.33
[2015/06/14 20:45:54] valid   (iter=273) J=0.83 err=43.00
[2015/06/14 20:45:54] monitor (iter=273) J=0.85 err=41.60 mean(dense1)=0.87 mean(dense2)=0.29 mean(dense3)=0.74 mean(softmax4)=0.33
[2015/06/14 20:45:54] valid   (iter=274) J=0.83 err=43.20
[2015/06/14 20:45:54] monitor (iter=274) J=0.85 err=42.00 mean(dense1)=0.87 mean(dense2)=0.29 mean(dense3)=0.74 mean(softmax4)=0.33
[2015/06/14 20:45:54] valid   (iter=275) J=0.83 err=42.60 *
[2015/06/14 20:45:55] monitor (iter=275) J=0.85 err=43.30 mean(dense1)=0.87 mean(dense2)=0.29 mean(dense3)=0.73 mean(softmax4)=0.33
[2015/06/14 20:45:55] valid   (iter=276) J=0.83 err=42.50
[2015/06/14 20:45:55] monitor (iter=276) J=0.84 err=42.20 mean(dense1)=0.87 mean(dense2)=0.29 mean(dense3)=0.73 mean(softmax4)=0.33
[2015/06/14 20:45:55] valid   (iter=277) J=0.85 err=43.80
[2015/06/14 20:45:55] monitor (iter=277) J=0.84 err=41.80 mean(dense1)=0.87 mean(dense2)=0.29 mean(dense3)=0.73 mean(softmax4)=0.33
[2015/06/14 20:45:55] valid   (iter=278) J=0.84 err=43.70
[2015/06/14 20:45:55] monitor (iter=278) J=0.84 err=41.70 mean(dense1)=0.87 mean(dense2)=0.29 mean(dense3)=0.74 mean(softmax4)=0.33
[2015/06/14 20:45:55] valid   (iter=279) J=0.84 err=44.10
[2015/06/14 20:45:55] monitor (iter=279) J=0.83 err=41.50 mean(dense1)=0.87 mean(dense2)=0.29 mean(dense3)=0.75 mean(softmax4)=0.33
[2015/06/14 20:45:55] valid   (iter=280) J=0.85 err=44.30
[2015/06/14 20:45:55] monitor (iter=280) J=0.83 err=41.00 mean(dense1)=0.87 mean(dense2)=0.29 mean(dense3)=0.76 mean(softmax4)=0.33
